25-06-08.22:54|[hopper-medium-expert-v2-seed1] --------------  ---------
25-06-08.22:54|[hopper-medium-expert-v2-seed1] Trained Epochs   2
25-06-08.22:54|[hopper-medium-expert-v2-seed1] Actor Loss      -0.859339
25-06-08.22:54|[hopper-medium-expert-v2-seed1] Critic Loss      0.745075
25-06-08.22:54|[hopper-medium-expert-v2-seed1] --------------  ---------
25-06-08.22:54|[hopper-medium-expert-v2-seed1] -------------------------  --------
25-06-08.22:54|[hopper-medium-expert-v2-seed1] Average Episodic Reward    517.71
25-06-08.22:54|[hopper-medium-expert-v2-seed1] Average Episodic N-Reward    0.1653
25-06-08.22:54|[hopper-medium-expert-v2-seed1] -------------------------  --------
25-06-08.22:54|[hopper-medium-expert-v2-seed1] --------------  ---------
25-06-08.22:54|[hopper-medium-expert-v2-seed1] Trained Epochs   4
25-06-08.22:54|[hopper-medium-expert-v2-seed1] Actor Loss      -0.888262
25-06-08.22:54|[hopper-medium-expert-v2-seed1] Critic Loss      1.42366
25-06-08.22:54|[hopper-medium-expert-v2-seed1] --------------  ---------
25-06-08.22:54|[hopper-medium-expert-v2-seed1] -------------------------  ----------
25-06-08.22:54|[hopper-medium-expert-v2-seed1] Average Episodic Reward    701.522
25-06-08.22:54|[hopper-medium-expert-v2-seed1] Average Episodic N-Reward    0.221779
25-06-08.22:54|[hopper-medium-expert-v2-seed1] -------------------------  ----------
25-06-08.22:54|[hopper-medium-expert-v2-seed1] --------------  ---------
25-06-08.22:54|[hopper-medium-expert-v2-seed1] Trained Epochs   6
25-06-08.22:54|[hopper-medium-expert-v2-seed1] Actor Loss      -0.897572
25-06-08.22:54|[hopper-medium-expert-v2-seed1] Critic Loss      1.69858
25-06-08.22:54|[hopper-medium-expert-v2-seed1] --------------  ---------
25-06-08.22:54|[hopper-medium-expert-v2-seed1] -------------------------  ----------
25-06-08.22:54|[hopper-medium-expert-v2-seed1] Average Episodic Reward    431.793
25-06-08.22:54|[hopper-medium-expert-v2-seed1] Average Episodic N-Reward    0.138901
25-06-08.22:54|[hopper-medium-expert-v2-seed1] -------------------------  ----------
25-06-08.22:55|[hopper-medium-expert-v2-seed1] --------------  ---------
25-06-08.22:55|[hopper-medium-expert-v2-seed1] Trained Epochs   8
25-06-08.22:55|[hopper-medium-expert-v2-seed1] Actor Loss      -0.903608
25-06-08.22:55|[hopper-medium-expert-v2-seed1] Critic Loss      2.49881
25-06-08.22:55|[hopper-medium-expert-v2-seed1] --------------  ---------
25-06-08.22:55|[hopper-medium-expert-v2-seed1] -------------------------  --------
25-06-08.22:55|[hopper-medium-expert-v2-seed1] Average Episodic Reward    503.389
25-06-08.22:55|[hopper-medium-expert-v2-seed1] Average Episodic N-Reward    0.1609
25-06-08.22:55|[hopper-medium-expert-v2-seed1] -------------------------  --------
25-06-08.22:55|[hopper-medium-expert-v2-seed1] --------------  ---------
25-06-08.22:55|[hopper-medium-expert-v2-seed1] Trained Epochs  10
25-06-08.22:55|[hopper-medium-expert-v2-seed1] Actor Loss      -0.908608
25-06-08.22:55|[hopper-medium-expert-v2-seed1] Critic Loss      3.98573
25-06-08.22:55|[hopper-medium-expert-v2-seed1] --------------  ---------
25-06-08.22:55|[hopper-medium-expert-v2-seed1] -------------------------  ----------
25-06-08.22:55|[hopper-medium-expert-v2-seed1] Average Episodic Reward    499.887
25-06-08.22:55|[hopper-medium-expert-v2-seed1] Average Episodic N-Reward    0.159824
25-06-08.22:55|[hopper-medium-expert-v2-seed1] -------------------------  ----------
25-06-08.22:55|[hopper-medium-expert-v2-seed1] --------------  ---------
25-06-08.22:55|[hopper-medium-expert-v2-seed1] Trained Epochs  12
25-06-08.22:55|[hopper-medium-expert-v2-seed1] Actor Loss      -0.912432
25-06-08.22:55|[hopper-medium-expert-v2-seed1] Critic Loss      5.39731
25-06-08.22:55|[hopper-medium-expert-v2-seed1] --------------  ---------
25-06-08.22:55|[hopper-medium-expert-v2-seed1] -------------------------  ---------
25-06-08.22:55|[hopper-medium-expert-v2-seed1] Average Episodic Reward    601.513
25-06-08.22:55|[hopper-medium-expert-v2-seed1] Average Episodic N-Reward    0.19105
25-06-08.22:55|[hopper-medium-expert-v2-seed1] -------------------------  ---------
25-06-08.22:56|[hopper-medium-expert-v2-seed1] --------------  ---------
25-06-08.22:56|[hopper-medium-expert-v2-seed1] Trained Epochs  14
25-06-08.22:56|[hopper-medium-expert-v2-seed1] Actor Loss      -0.915461
25-06-08.22:56|[hopper-medium-expert-v2-seed1] Critic Loss      6.93718
25-06-08.22:56|[hopper-medium-expert-v2-seed1] --------------  ---------
25-06-08.22:56|[hopper-medium-expert-v2-seed1] -------------------------  ----------
25-06-08.22:56|[hopper-medium-expert-v2-seed1] Average Episodic Reward    666.685
25-06-08.22:56|[hopper-medium-expert-v2-seed1] Average Episodic N-Reward    0.211075
25-06-08.22:56|[hopper-medium-expert-v2-seed1] -------------------------  ----------
25-06-08.22:56|[hopper-medium-expert-v2-seed1] --------------  ---------
25-06-08.22:56|[hopper-medium-expert-v2-seed1] Trained Epochs  16
25-06-08.22:56|[hopper-medium-expert-v2-seed1] Actor Loss      -0.918617
25-06-08.22:56|[hopper-medium-expert-v2-seed1] Critic Loss      8.5298
25-06-08.22:56|[hopper-medium-expert-v2-seed1] --------------  ---------
25-06-08.22:56|[hopper-medium-expert-v2-seed1] -------------------------  ----------
25-06-08.22:56|[hopper-medium-expert-v2-seed1] Average Episodic Reward    593.803
25-06-08.22:56|[hopper-medium-expert-v2-seed1] Average Episodic N-Reward    0.188681
25-06-08.22:56|[hopper-medium-expert-v2-seed1] -------------------------  ----------
25-06-08.22:56|[hopper-medium-expert-v2-seed1] --------------  --------
25-06-08.22:56|[hopper-medium-expert-v2-seed1] Trained Epochs  18
25-06-08.22:56|[hopper-medium-expert-v2-seed1] Actor Loss      -0.92108
25-06-08.22:56|[hopper-medium-expert-v2-seed1] Critic Loss      9.35359
25-06-08.22:56|[hopper-medium-expert-v2-seed1] --------------  --------
25-06-08.22:56|[hopper-medium-expert-v2-seed1] -------------------------  ----------
25-06-08.22:56|[hopper-medium-expert-v2-seed1] Average Episodic Reward    834.257
25-06-08.22:56|[hopper-medium-expert-v2-seed1] Average Episodic N-Reward    0.262563
25-06-08.22:56|[hopper-medium-expert-v2-seed1] -------------------------  ----------
25-06-08.22:56|[hopper-medium-expert-v2-seed1] --------------  ---------
25-06-08.22:56|[hopper-medium-expert-v2-seed1] Trained Epochs  20
25-06-08.22:56|[hopper-medium-expert-v2-seed1] Actor Loss      -0.923993
25-06-08.22:56|[hopper-medium-expert-v2-seed1] Critic Loss     10.2872
25-06-08.22:56|[hopper-medium-expert-v2-seed1] --------------  ---------
25-06-08.22:57|[hopper-medium-expert-v2-seed1] -------------------------  ----------
25-06-08.22:57|[hopper-medium-expert-v2-seed1] Average Episodic Reward    689.045
25-06-08.22:57|[hopper-medium-expert-v2-seed1] Average Episodic N-Reward    0.217945
25-06-08.22:57|[hopper-medium-expert-v2-seed1] -------------------------  ----------
25-06-08.22:57|[hopper-medium-expert-v2-seed1] --------------  ---------
25-06-08.22:57|[hopper-medium-expert-v2-seed1] Trained Epochs  22
25-06-08.22:57|[hopper-medium-expert-v2-seed1] Actor Loss      -0.926339
25-06-08.22:57|[hopper-medium-expert-v2-seed1] Critic Loss     10.9769
25-06-08.22:57|[hopper-medium-expert-v2-seed1] --------------  ---------
25-06-08.22:57|[hopper-medium-expert-v2-seed1] -------------------------  ----------
25-06-08.22:57|[hopper-medium-expert-v2-seed1] Average Episodic Reward    488.21
25-06-08.22:57|[hopper-medium-expert-v2-seed1] Average Episodic N-Reward    0.156236
25-06-08.22:57|[hopper-medium-expert-v2-seed1] -------------------------  ----------
25-06-08.22:57|[hopper-medium-expert-v2-seed1] --------------  ---------
25-06-08.22:57|[hopper-medium-expert-v2-seed1] Trained Epochs  24
25-06-08.22:57|[hopper-medium-expert-v2-seed1] Actor Loss      -0.928521
25-06-08.22:57|[hopper-medium-expert-v2-seed1] Critic Loss     10.3811
25-06-08.22:57|[hopper-medium-expert-v2-seed1] --------------  ---------
25-06-08.22:57|[hopper-medium-expert-v2-seed1] -------------------------  ----------
25-06-08.22:57|[hopper-medium-expert-v2-seed1] Average Episodic Reward    563.323
25-06-08.22:57|[hopper-medium-expert-v2-seed1] Average Episodic N-Reward    0.179315
25-06-08.22:57|[hopper-medium-expert-v2-seed1] -------------------------  ----------
25-06-08.22:57|[hopper-medium-expert-v2-seed1] --------------  --------
25-06-08.22:57|[hopper-medium-expert-v2-seed1] Trained Epochs  26
25-06-08.22:57|[hopper-medium-expert-v2-seed1] Actor Loss      -0.93072
25-06-08.22:57|[hopper-medium-expert-v2-seed1] Critic Loss      9.22759
25-06-08.22:57|[hopper-medium-expert-v2-seed1] --------------  --------
25-06-08.22:57|[hopper-medium-expert-v2-seed1] -------------------------  ----------
25-06-08.22:57|[hopper-medium-expert-v2-seed1] Average Episodic Reward    755.831
25-06-08.22:57|[hopper-medium-expert-v2-seed1] Average Episodic N-Reward    0.238465
25-06-08.22:57|[hopper-medium-expert-v2-seed1] -------------------------  ----------
25-06-08.22:58|[hopper-medium-expert-v2-seed1] --------------  -------
25-06-08.22:58|[hopper-medium-expert-v2-seed1] Trained Epochs  28
25-06-08.22:58|[hopper-medium-expert-v2-seed1] Actor Loss      -0.9329
25-06-08.22:58|[hopper-medium-expert-v2-seed1] Critic Loss      9.1921
25-06-08.22:58|[hopper-medium-expert-v2-seed1] --------------  -------
25-06-08.22:58|[hopper-medium-expert-v2-seed1] -------------------------  ----------
25-06-08.22:58|[hopper-medium-expert-v2-seed1] Average Episodic Reward    630.369
25-06-08.22:58|[hopper-medium-expert-v2-seed1] Average Episodic N-Reward    0.199916
25-06-08.22:58|[hopper-medium-expert-v2-seed1] -------------------------  ----------
25-06-08.22:58|[hopper-medium-expert-v2-seed1] --------------  ---------
25-06-08.22:58|[hopper-medium-expert-v2-seed1] Trained Epochs  30
25-06-08.22:58|[hopper-medium-expert-v2-seed1] Actor Loss      -0.934675
25-06-08.22:58|[hopper-medium-expert-v2-seed1] Critic Loss      9.13375
25-06-08.22:58|[hopper-medium-expert-v2-seed1] --------------  ---------
25-06-08.22:58|[hopper-medium-expert-v2-seed1] -------------------------  ----------
25-06-08.22:58|[hopper-medium-expert-v2-seed1] Average Episodic Reward    660.215
25-06-08.22:58|[hopper-medium-expert-v2-seed1] Average Episodic N-Reward    0.209087
25-06-08.22:58|[hopper-medium-expert-v2-seed1] -------------------------  ----------
25-06-08.22:58|[hopper-medium-expert-v2-seed1] --------------  ---------
25-06-08.22:58|[hopper-medium-expert-v2-seed1] Trained Epochs  32
25-06-08.22:58|[hopper-medium-expert-v2-seed1] Actor Loss      -0.935692
25-06-08.22:58|[hopper-medium-expert-v2-seed1] Critic Loss      9.15174
25-06-08.22:58|[hopper-medium-expert-v2-seed1] --------------  ---------
25-06-08.22:58|[hopper-medium-expert-v2-seed1] -------------------------  ---------
25-06-08.22:58|[hopper-medium-expert-v2-seed1] Average Episodic Reward    532.225
25-06-08.22:58|[hopper-medium-expert-v2-seed1] Average Episodic N-Reward    0.16976
25-06-08.22:58|[hopper-medium-expert-v2-seed1] -------------------------  ---------
25-06-08.22:59|[hopper-medium-expert-v2-seed1] --------------  ---------
25-06-08.22:59|[hopper-medium-expert-v2-seed1] Trained Epochs  34
25-06-08.22:59|[hopper-medium-expert-v2-seed1] Actor Loss      -0.937027
25-06-08.22:59|[hopper-medium-expert-v2-seed1] Critic Loss      9.79657
25-06-08.22:59|[hopper-medium-expert-v2-seed1] --------------  ---------
25-06-08.22:59|[hopper-medium-expert-v2-seed1] -------------------------  ----------
25-06-08.22:59|[hopper-medium-expert-v2-seed1] Average Episodic Reward    460.094
25-06-08.22:59|[hopper-medium-expert-v2-seed1] Average Episodic N-Reward    0.147597
25-06-08.22:59|[hopper-medium-expert-v2-seed1] -------------------------  ----------
25-06-08.22:59|[hopper-medium-expert-v2-seed1] --------------  ---------
25-06-08.22:59|[hopper-medium-expert-v2-seed1] Trained Epochs  36
25-06-08.22:59|[hopper-medium-expert-v2-seed1] Actor Loss      -0.938304
25-06-08.22:59|[hopper-medium-expert-v2-seed1] Critic Loss     10.5102
25-06-08.22:59|[hopper-medium-expert-v2-seed1] --------------  ---------
25-06-08.22:59|[hopper-medium-expert-v2-seed1] -------------------------  ----------
25-06-08.22:59|[hopper-medium-expert-v2-seed1] Average Episodic Reward    855.497
25-06-08.22:59|[hopper-medium-expert-v2-seed1] Average Episodic N-Reward    0.269089
25-06-08.22:59|[hopper-medium-expert-v2-seed1] -------------------------  ----------
25-06-08.22:59|[hopper-medium-expert-v2-seed1] --------------  ---------
25-06-08.22:59|[hopper-medium-expert-v2-seed1] Trained Epochs  38
25-06-08.22:59|[hopper-medium-expert-v2-seed1] Actor Loss      -0.939013
25-06-08.22:59|[hopper-medium-expert-v2-seed1] Critic Loss     11.436
25-06-08.22:59|[hopper-medium-expert-v2-seed1] --------------  ---------
25-06-08.22:59|[hopper-medium-expert-v2-seed1] -------------------------  ----------
25-06-08.22:59|[hopper-medium-expert-v2-seed1] Average Episodic Reward    649.455
25-06-08.22:59|[hopper-medium-expert-v2-seed1] Average Episodic N-Reward    0.205781
25-06-08.22:59|[hopper-medium-expert-v2-seed1] -------------------------  ----------
25-06-08.23:00|[hopper-medium-expert-v2-seed1] --------------  ---------
25-06-08.23:00|[hopper-medium-expert-v2-seed1] Trained Epochs  40
25-06-08.23:00|[hopper-medium-expert-v2-seed1] Actor Loss      -0.940074
25-06-08.23:00|[hopper-medium-expert-v2-seed1] Critic Loss     11.8804
25-06-08.23:00|[hopper-medium-expert-v2-seed1] --------------  ---------
25-06-08.23:00|[hopper-medium-expert-v2-seed1] -------------------------  -----------
25-06-08.23:00|[hopper-medium-expert-v2-seed1] Average Episodic Reward    1068.03
25-06-08.23:00|[hopper-medium-expert-v2-seed1] Average Episodic N-Reward     0.334392
25-06-08.23:00|[hopper-medium-expert-v2-seed1] -------------------------  -----------
25-06-08.23:00|[hopper-medium-expert-v2-seed1] --------------  ---------
25-06-08.23:00|[hopper-medium-expert-v2-seed1] Trained Epochs  42
25-06-08.23:00|[hopper-medium-expert-v2-seed1] Actor Loss      -0.940846
25-06-08.23:00|[hopper-medium-expert-v2-seed1] Critic Loss     11.3942
25-06-08.23:00|[hopper-medium-expert-v2-seed1] --------------  ---------
25-06-08.23:00|[hopper-medium-expert-v2-seed1] -------------------------  ----------
25-06-08.23:00|[hopper-medium-expert-v2-seed1] Average Episodic Reward    861.017
25-06-08.23:00|[hopper-medium-expert-v2-seed1] Average Episodic N-Reward    0.270785
25-06-08.23:00|[hopper-medium-expert-v2-seed1] -------------------------  ----------
25-06-08.23:00|[hopper-medium-expert-v2-seed1] --------------  ---------
25-06-08.23:00|[hopper-medium-expert-v2-seed1] Trained Epochs  44
25-06-08.23:00|[hopper-medium-expert-v2-seed1] Actor Loss      -0.941791
25-06-08.23:00|[hopper-medium-expert-v2-seed1] Critic Loss     10.4996
25-06-08.23:00|[hopper-medium-expert-v2-seed1] --------------  ---------
25-06-08.23:00|[hopper-medium-expert-v2-seed1] -------------------------  ----------
25-06-08.23:00|[hopper-medium-expert-v2-seed1] Average Episodic Reward    911.671
25-06-08.23:00|[hopper-medium-expert-v2-seed1] Average Episodic N-Reward    0.286349
25-06-08.23:00|[hopper-medium-expert-v2-seed1] -------------------------  ----------
25-06-08.23:01|[hopper-medium-expert-v2-seed1] --------------  ---------
25-06-08.23:01|[hopper-medium-expert-v2-seed1] Trained Epochs  46
25-06-08.23:01|[hopper-medium-expert-v2-seed1] Actor Loss      -0.942651
25-06-08.23:01|[hopper-medium-expert-v2-seed1] Critic Loss     10.2792
25-06-08.23:01|[hopper-medium-expert-v2-seed1] --------------  ---------
25-06-08.23:01|[hopper-medium-expert-v2-seed1] -------------------------  -----------
25-06-08.23:01|[hopper-medium-expert-v2-seed1] Average Episodic Reward    1017.78
25-06-08.23:01|[hopper-medium-expert-v2-seed1] Average Episodic N-Reward     0.318952
25-06-08.23:01|[hopper-medium-expert-v2-seed1] -------------------------  -----------
25-06-08.23:01|[hopper-medium-expert-v2-seed1] --------------  ---------
25-06-08.23:01|[hopper-medium-expert-v2-seed1] Trained Epochs  48
25-06-08.23:01|[hopper-medium-expert-v2-seed1] Actor Loss      -0.943157
25-06-08.23:01|[hopper-medium-expert-v2-seed1] Critic Loss     10.0095
25-06-08.23:01|[hopper-medium-expert-v2-seed1] --------------  ---------
25-06-08.23:01|[hopper-medium-expert-v2-seed1] -------------------------  ----------
25-06-08.23:01|[hopper-medium-expert-v2-seed1] Average Episodic Reward    866.315
25-06-08.23:01|[hopper-medium-expert-v2-seed1] Average Episodic N-Reward    0.272413
25-06-08.23:01|[hopper-medium-expert-v2-seed1] -------------------------  ----------
25-06-08.23:01|[hopper-medium-expert-v2-seed1] --------------  ---------
25-06-08.23:01|[hopper-medium-expert-v2-seed1] Trained Epochs  50
25-06-08.23:01|[hopper-medium-expert-v2-seed1] Actor Loss      -0.943766
25-06-08.23:01|[hopper-medium-expert-v2-seed1] Critic Loss     10.0753
25-06-08.23:01|[hopper-medium-expert-v2-seed1] --------------  ---------
25-06-08.23:01|[hopper-medium-expert-v2-seed1] -------------------------  -----------
25-06-08.23:01|[hopper-medium-expert-v2-seed1] Average Episodic Reward    1317.66
25-06-08.23:01|[hopper-medium-expert-v2-seed1] Average Episodic N-Reward     0.411095
25-06-08.23:01|[hopper-medium-expert-v2-seed1] -------------------------  -----------
25-06-08.23:01|[hopper-medium-expert-v2-seed1] --------------  ---------
25-06-08.23:01|[hopper-medium-expert-v2-seed1] Trained Epochs  52
25-06-08.23:01|[hopper-medium-expert-v2-seed1] Actor Loss      -0.944329
25-06-08.23:01|[hopper-medium-expert-v2-seed1] Critic Loss      9.96509
25-06-08.23:01|[hopper-medium-expert-v2-seed1] --------------  ---------
25-06-08.23:02|[hopper-medium-expert-v2-seed1] -------------------------  ----------
25-06-08.23:02|[hopper-medium-expert-v2-seed1] Average Episodic Reward    949.95
25-06-08.23:02|[hopper-medium-expert-v2-seed1] Average Episodic N-Reward    0.298111
25-06-08.23:02|[hopper-medium-expert-v2-seed1] -------------------------  ----------
25-06-08.23:02|[hopper-medium-expert-v2-seed1] --------------  ---------
25-06-08.23:02|[hopper-medium-expert-v2-seed1] Trained Epochs  54
25-06-08.23:02|[hopper-medium-expert-v2-seed1] Actor Loss      -0.944817
25-06-08.23:02|[hopper-medium-expert-v2-seed1] Critic Loss      9.36484
25-06-08.23:02|[hopper-medium-expert-v2-seed1] --------------  ---------
25-06-08.23:02|[hopper-medium-expert-v2-seed1] -------------------------  ----------
25-06-08.23:02|[hopper-medium-expert-v2-seed1] Average Episodic Reward    702.29
25-06-08.23:02|[hopper-medium-expert-v2-seed1] Average Episodic N-Reward    0.222014
25-06-08.23:02|[hopper-medium-expert-v2-seed1] -------------------------  ----------
25-06-08.23:02|[hopper-medium-expert-v2-seed1] --------------  --------
25-06-08.23:02|[hopper-medium-expert-v2-seed1] Trained Epochs  56
25-06-08.23:02|[hopper-medium-expert-v2-seed1] Actor Loss      -0.94543
25-06-08.23:02|[hopper-medium-expert-v2-seed1] Critic Loss      9.82713
25-06-08.23:02|[hopper-medium-expert-v2-seed1] --------------  --------
25-06-08.23:02|[hopper-medium-expert-v2-seed1] -------------------------  ---------
25-06-08.23:02|[hopper-medium-expert-v2-seed1] Average Episodic Reward    974.78
25-06-08.23:02|[hopper-medium-expert-v2-seed1] Average Episodic N-Reward    0.30574
25-06-08.23:02|[hopper-medium-expert-v2-seed1] -------------------------  ---------
25-06-08.23:02|[hopper-medium-expert-v2-seed1] --------------  ---------
25-06-08.23:02|[hopper-medium-expert-v2-seed1] Trained Epochs  58
25-06-08.23:02|[hopper-medium-expert-v2-seed1] Actor Loss      -0.945877
25-06-08.23:02|[hopper-medium-expert-v2-seed1] Critic Loss     10.2999
25-06-08.23:02|[hopper-medium-expert-v2-seed1] --------------  ---------
25-06-08.23:02|[hopper-medium-expert-v2-seed1] -------------------------  ----------
25-06-08.23:02|[hopper-medium-expert-v2-seed1] Average Episodic Reward    689.482
25-06-08.23:02|[hopper-medium-expert-v2-seed1] Average Episodic N-Reward    0.218079
25-06-08.23:02|[hopper-medium-expert-v2-seed1] -------------------------  ----------
25-06-08.23:03|[hopper-medium-expert-v2-seed1] --------------  ---------
25-06-08.23:03|[hopper-medium-expert-v2-seed1] Trained Epochs  60
25-06-08.23:03|[hopper-medium-expert-v2-seed1] Actor Loss      -0.946108
25-06-08.23:03|[hopper-medium-expert-v2-seed1] Critic Loss      9.89595
25-06-08.23:03|[hopper-medium-expert-v2-seed1] --------------  ---------
25-06-08.23:03|[hopper-medium-expert-v2-seed1] -------------------------  --------
25-06-08.23:03|[hopper-medium-expert-v2-seed1] Average Episodic Reward    519.01
25-06-08.23:03|[hopper-medium-expert-v2-seed1] Average Episodic N-Reward    0.1657
25-06-08.23:03|[hopper-medium-expert-v2-seed1] -------------------------  --------
25-06-08.23:03|[hopper-medium-expert-v2-seed1] --------------  ---------
25-06-08.23:03|[hopper-medium-expert-v2-seed1] Trained Epochs  62
25-06-08.23:03|[hopper-medium-expert-v2-seed1] Actor Loss      -0.946517
25-06-08.23:03|[hopper-medium-expert-v2-seed1] Critic Loss     10.5314
25-06-08.23:03|[hopper-medium-expert-v2-seed1] --------------  ---------
25-06-08.23:03|[hopper-medium-expert-v2-seed1] -------------------------  -----------
25-06-08.23:03|[hopper-medium-expert-v2-seed1] Average Episodic Reward    1199.41
25-06-08.23:03|[hopper-medium-expert-v2-seed1] Average Episodic N-Reward     0.374759
25-06-08.23:03|[hopper-medium-expert-v2-seed1] -------------------------  -----------
25-06-08.23:03|[hopper-medium-expert-v2-seed1] --------------  ---------
25-06-08.23:03|[hopper-medium-expert-v2-seed1] Trained Epochs  64
25-06-08.23:03|[hopper-medium-expert-v2-seed1] Actor Loss      -0.946747
25-06-08.23:03|[hopper-medium-expert-v2-seed1] Critic Loss     11.2554
25-06-08.23:03|[hopper-medium-expert-v2-seed1] --------------  ---------
25-06-08.23:03|[hopper-medium-expert-v2-seed1] -------------------------  ----------
25-06-08.23:03|[hopper-medium-expert-v2-seed1] Average Episodic Reward    2069.65
25-06-08.23:03|[hopper-medium-expert-v2-seed1] Average Episodic N-Reward     0.64215
25-06-08.23:03|[hopper-medium-expert-v2-seed1] -------------------------  ----------
25-06-08.23:04|[hopper-medium-expert-v2-seed1] --------------  ---------
25-06-08.23:04|[hopper-medium-expert-v2-seed1] Trained Epochs  66
25-06-08.23:04|[hopper-medium-expert-v2-seed1] Actor Loss      -0.947346
25-06-08.23:04|[hopper-medium-expert-v2-seed1] Critic Loss     11.4889
25-06-08.23:04|[hopper-medium-expert-v2-seed1] --------------  ---------
25-06-08.23:04|[hopper-medium-expert-v2-seed1] -------------------------  ----------
25-06-08.23:04|[hopper-medium-expert-v2-seed1] Average Episodic Reward    548.227
25-06-08.23:04|[hopper-medium-expert-v2-seed1] Average Episodic N-Reward    0.174677
25-06-08.23:04|[hopper-medium-expert-v2-seed1] -------------------------  ----------
25-06-08.23:04|[hopper-medium-expert-v2-seed1] --------------  ---------
25-06-08.23:04|[hopper-medium-expert-v2-seed1] Trained Epochs  68
25-06-08.23:04|[hopper-medium-expert-v2-seed1] Actor Loss      -0.947497
25-06-08.23:04|[hopper-medium-expert-v2-seed1] Critic Loss     11.7191
25-06-08.23:04|[hopper-medium-expert-v2-seed1] --------------  ---------
25-06-08.23:04|[hopper-medium-expert-v2-seed1] -------------------------  -----------
25-06-08.23:04|[hopper-medium-expert-v2-seed1] Average Episodic Reward    1145.56
25-06-08.23:04|[hopper-medium-expert-v2-seed1] Average Episodic N-Reward     0.358212
25-06-08.23:04|[hopper-medium-expert-v2-seed1] -------------------------  -----------
25-06-08.23:04|[hopper-medium-expert-v2-seed1] --------------  ---------
25-06-08.23:04|[hopper-medium-expert-v2-seed1] Trained Epochs  70
25-06-08.23:04|[hopper-medium-expert-v2-seed1] Actor Loss      -0.947878
25-06-08.23:04|[hopper-medium-expert-v2-seed1] Critic Loss     12.0395
25-06-08.23:04|[hopper-medium-expert-v2-seed1] --------------  ---------
25-06-08.23:04|[hopper-medium-expert-v2-seed1] -------------------------  ----------
25-06-08.23:04|[hopper-medium-expert-v2-seed1] Average Episodic Reward    651.1
25-06-08.23:04|[hopper-medium-expert-v2-seed1] Average Episodic N-Reward    0.206286
25-06-08.23:04|[hopper-medium-expert-v2-seed1] -------------------------  ----------
25-06-08.23:05|[hopper-medium-expert-v2-seed1] --------------  --------
25-06-08.23:05|[hopper-medium-expert-v2-seed1] Trained Epochs  72
25-06-08.23:05|[hopper-medium-expert-v2-seed1] Actor Loss      -0.94821
25-06-08.23:05|[hopper-medium-expert-v2-seed1] Critic Loss     12.4165
25-06-08.23:05|[hopper-medium-expert-v2-seed1] --------------  --------
25-06-08.23:05|[hopper-medium-expert-v2-seed1] -------------------------  ----------
25-06-08.23:05|[hopper-medium-expert-v2-seed1] Average Episodic Reward    727.95
25-06-08.23:05|[hopper-medium-expert-v2-seed1] Average Episodic N-Reward    0.229899
25-06-08.23:05|[hopper-medium-expert-v2-seed1] -------------------------  ----------
25-06-08.23:05|[hopper-medium-expert-v2-seed1] --------------  ---------
25-06-08.23:05|[hopper-medium-expert-v2-seed1] Trained Epochs  74
25-06-08.23:05|[hopper-medium-expert-v2-seed1] Actor Loss      -0.948458
25-06-08.23:05|[hopper-medium-expert-v2-seed1] Critic Loss     12.332
25-06-08.23:05|[hopper-medium-expert-v2-seed1] --------------  ---------
25-06-08.23:05|[hopper-medium-expert-v2-seed1] -------------------------  ----------
25-06-08.23:05|[hopper-medium-expert-v2-seed1] Average Episodic Reward    929.537
25-06-08.23:05|[hopper-medium-expert-v2-seed1] Average Episodic N-Reward    0.291838
25-06-08.23:05|[hopper-medium-expert-v2-seed1] -------------------------  ----------
25-06-08.23:05|[hopper-medium-expert-v2-seed1] --------------  ---------
25-06-08.23:05|[hopper-medium-expert-v2-seed1] Trained Epochs  76
25-06-08.23:05|[hopper-medium-expert-v2-seed1] Actor Loss      -0.948791
25-06-08.23:05|[hopper-medium-expert-v2-seed1] Critic Loss     11.9047
25-06-08.23:05|[hopper-medium-expert-v2-seed1] --------------  ---------
25-06-08.23:05|[hopper-medium-expert-v2-seed1] -------------------------  -----------
25-06-08.23:05|[hopper-medium-expert-v2-seed1] Average Episodic Reward    1377.63
25-06-08.23:05|[hopper-medium-expert-v2-seed1] Average Episodic N-Reward     0.429519
25-06-08.23:05|[hopper-medium-expert-v2-seed1] -------------------------  -----------
25-06-08.23:06|[hopper-medium-expert-v2-seed1] --------------  ---------
25-06-08.23:06|[hopper-medium-expert-v2-seed1] Trained Epochs  78
25-06-08.23:06|[hopper-medium-expert-v2-seed1] Actor Loss      -0.949055
25-06-08.23:06|[hopper-medium-expert-v2-seed1] Critic Loss     12.0778
25-06-08.23:06|[hopper-medium-expert-v2-seed1] --------------  ---------
25-06-08.23:06|[hopper-medium-expert-v2-seed1] -------------------------  -----------
25-06-08.23:06|[hopper-medium-expert-v2-seed1] Average Episodic Reward    1197.76
25-06-08.23:06|[hopper-medium-expert-v2-seed1] Average Episodic N-Reward     0.374254
25-06-08.23:06|[hopper-medium-expert-v2-seed1] -------------------------  -----------
25-06-08.23:06|[hopper-medium-expert-v2-seed1] --------------  ---------
25-06-08.23:06|[hopper-medium-expert-v2-seed1] Trained Epochs  80
25-06-08.23:06|[hopper-medium-expert-v2-seed1] Actor Loss      -0.949252
25-06-08.23:06|[hopper-medium-expert-v2-seed1] Critic Loss     12.1311
25-06-08.23:06|[hopper-medium-expert-v2-seed1] --------------  ---------
25-06-08.23:06|[hopper-medium-expert-v2-seed1] -------------------------  ----------
25-06-08.23:06|[hopper-medium-expert-v2-seed1] Average Episodic Reward    995.113
25-06-08.23:06|[hopper-medium-expert-v2-seed1] Average Episodic N-Reward    0.311987
25-06-08.23:06|[hopper-medium-expert-v2-seed1] -------------------------  ----------
25-06-08.23:06|[hopper-medium-expert-v2-seed1] --------------  ---------
25-06-08.23:06|[hopper-medium-expert-v2-seed1] Trained Epochs  82
25-06-08.23:06|[hopper-medium-expert-v2-seed1] Actor Loss      -0.949442
25-06-08.23:06|[hopper-medium-expert-v2-seed1] Critic Loss     11.9149
25-06-08.23:06|[hopper-medium-expert-v2-seed1] --------------  ---------
25-06-08.23:06|[hopper-medium-expert-v2-seed1] -------------------------  -----------
25-06-08.23:06|[hopper-medium-expert-v2-seed1] Average Episodic Reward    1044.06
25-06-08.23:06|[hopper-medium-expert-v2-seed1] Average Episodic N-Reward     0.327025
25-06-08.23:06|[hopper-medium-expert-v2-seed1] -------------------------  -----------
25-06-08.23:06|[hopper-medium-expert-v2-seed1] --------------  ---------
25-06-08.23:06|[hopper-medium-expert-v2-seed1] Trained Epochs  84
25-06-08.23:06|[hopper-medium-expert-v2-seed1] Actor Loss      -0.949555
25-06-08.23:06|[hopper-medium-expert-v2-seed1] Critic Loss     11.5392
25-06-08.23:06|[hopper-medium-expert-v2-seed1] --------------  ---------
25-06-08.23:07|[hopper-medium-expert-v2-seed1] -------------------------  ----------
25-06-08.23:07|[hopper-medium-expert-v2-seed1] Average Episodic Reward    1054.29
25-06-08.23:07|[hopper-medium-expert-v2-seed1] Average Episodic N-Reward     0.33017
25-06-08.23:07|[hopper-medium-expert-v2-seed1] -------------------------  ----------
25-06-08.23:07|[hopper-medium-expert-v2-seed1] --------------  ---------
25-06-08.23:07|[hopper-medium-expert-v2-seed1] Trained Epochs  86
25-06-08.23:07|[hopper-medium-expert-v2-seed1] Actor Loss      -0.949815
25-06-08.23:07|[hopper-medium-expert-v2-seed1] Critic Loss     11.2062
25-06-08.23:07|[hopper-medium-expert-v2-seed1] --------------  ---------
25-06-08.23:07|[hopper-medium-expert-v2-seed1] -------------------------  -----------
25-06-08.23:07|[hopper-medium-expert-v2-seed1] Average Episodic Reward    1161.58
25-06-08.23:07|[hopper-medium-expert-v2-seed1] Average Episodic N-Reward     0.363137
25-06-08.23:07|[hopper-medium-expert-v2-seed1] -------------------------  -----------
25-06-08.23:07|[hopper-medium-expert-v2-seed1] --------------  ---------
25-06-08.23:07|[hopper-medium-expert-v2-seed1] Trained Epochs  88
25-06-08.23:07|[hopper-medium-expert-v2-seed1] Actor Loss      -0.950317
25-06-08.23:07|[hopper-medium-expert-v2-seed1] Critic Loss     11.2177
25-06-08.23:07|[hopper-medium-expert-v2-seed1] --------------  ---------
25-06-08.23:07|[hopper-medium-expert-v2-seed1] -------------------------  ----------
25-06-08.23:07|[hopper-medium-expert-v2-seed1] Average Episodic Reward    515.96
25-06-08.23:07|[hopper-medium-expert-v2-seed1] Average Episodic N-Reward    0.164763
25-06-08.23:07|[hopper-medium-expert-v2-seed1] -------------------------  ----------
25-06-08.23:07|[hopper-medium-expert-v2-seed1] --------------  ---------
25-06-08.23:07|[hopper-medium-expert-v2-seed1] Trained Epochs  90
25-06-08.23:07|[hopper-medium-expert-v2-seed1] Actor Loss      -0.950429
25-06-08.23:07|[hopper-medium-expert-v2-seed1] Critic Loss     11.079
25-06-08.23:07|[hopper-medium-expert-v2-seed1] --------------  ---------
25-06-08.23:08|[hopper-medium-expert-v2-seed1] -------------------------  -----------
25-06-08.23:08|[hopper-medium-expert-v2-seed1] Average Episodic Reward    1989.29
25-06-08.23:08|[hopper-medium-expert-v2-seed1] Average Episodic N-Reward     0.617458
25-06-08.23:08|[hopper-medium-expert-v2-seed1] -------------------------  -----------
25-06-08.23:08|[hopper-medium-expert-v2-seed1] --------------  ---------
25-06-08.23:08|[hopper-medium-expert-v2-seed1] Trained Epochs  92
25-06-08.23:08|[hopper-medium-expert-v2-seed1] Actor Loss      -0.950632
25-06-08.23:08|[hopper-medium-expert-v2-seed1] Critic Loss     10.891
25-06-08.23:08|[hopper-medium-expert-v2-seed1] --------------  ---------
25-06-08.23:08|[hopper-medium-expert-v2-seed1] -------------------------  --------
25-06-08.23:08|[hopper-medium-expert-v2-seed1] Average Episodic Reward    437.647
25-06-08.23:08|[hopper-medium-expert-v2-seed1] Average Episodic N-Reward    0.1407
25-06-08.23:08|[hopper-medium-expert-v2-seed1] -------------------------  --------
25-06-08.23:08|[hopper-medium-expert-v2-seed1] --------------  --------
25-06-08.23:08|[hopper-medium-expert-v2-seed1] Trained Epochs  94
25-06-08.23:08|[hopper-medium-expert-v2-seed1] Actor Loss      -0.95045
25-06-08.23:08|[hopper-medium-expert-v2-seed1] Critic Loss     10.357
25-06-08.23:08|[hopper-medium-expert-v2-seed1] --------------  --------
25-06-08.23:08|[hopper-medium-expert-v2-seed1] -------------------------  -----------
25-06-08.23:08|[hopper-medium-expert-v2-seed1] Average Episodic Reward    1868.85
25-06-08.23:08|[hopper-medium-expert-v2-seed1] Average Episodic N-Reward     0.580452
25-06-08.23:08|[hopper-medium-expert-v2-seed1] -------------------------  -----------
25-06-08.23:08|[hopper-medium-expert-v2-seed1] --------------  ---------
25-06-08.23:08|[hopper-medium-expert-v2-seed1] Trained Epochs  96
25-06-08.23:08|[hopper-medium-expert-v2-seed1] Actor Loss      -0.951009
25-06-08.23:08|[hopper-medium-expert-v2-seed1] Critic Loss     10.6407
25-06-08.23:08|[hopper-medium-expert-v2-seed1] --------------  ---------
25-06-08.23:09|[hopper-medium-expert-v2-seed1] -------------------------  -----------
25-06-08.23:09|[hopper-medium-expert-v2-seed1] Average Episodic Reward    1461.97
25-06-08.23:09|[hopper-medium-expert-v2-seed1] Average Episodic N-Reward     0.455434
25-06-08.23:09|[hopper-medium-expert-v2-seed1] -------------------------  -----------
25-06-08.23:09|[hopper-medium-expert-v2-seed1] --------------  --------
25-06-08.23:09|[hopper-medium-expert-v2-seed1] Trained Epochs  98
25-06-08.23:09|[hopper-medium-expert-v2-seed1] Actor Loss      -0.95064
25-06-08.23:09|[hopper-medium-expert-v2-seed1] Critic Loss     10.8377
25-06-08.23:09|[hopper-medium-expert-v2-seed1] --------------  --------
25-06-08.23:09|[hopper-medium-expert-v2-seed1] -------------------------  ----------
25-06-08.23:09|[hopper-medium-expert-v2-seed1] Average Episodic Reward    922.376
25-06-08.23:09|[hopper-medium-expert-v2-seed1] Average Episodic N-Reward    0.289638
25-06-08.23:09|[hopper-medium-expert-v2-seed1] -------------------------  ----------
25-06-08.23:09|[hopper-medium-expert-v2-seed1] --------------  ----------
25-06-08.23:09|[hopper-medium-expert-v2-seed1] Trained Epochs  100
25-06-08.23:09|[hopper-medium-expert-v2-seed1] Actor Loss       -0.951267
25-06-08.23:09|[hopper-medium-expert-v2-seed1] Critic Loss      10.6592
25-06-08.23:09|[hopper-medium-expert-v2-seed1] --------------  ----------
25-06-08.23:09|[hopper-medium-expert-v2-seed1] -------------------------  -----------
25-06-08.23:09|[hopper-medium-expert-v2-seed1] Average Episodic Reward    1599.45
25-06-08.23:09|[hopper-medium-expert-v2-seed1] Average Episodic N-Reward     0.497675
25-06-08.23:09|[hopper-medium-expert-v2-seed1] -------------------------  -----------
25-06-08.23:09|[hopper-medium-expert-v2-seed1] --------------  ---------
25-06-08.23:09|[hopper-medium-expert-v2-seed1] Trained Epochs  102
25-06-08.23:09|[hopper-medium-expert-v2-seed1] Actor Loss       -0.95127
25-06-08.23:09|[hopper-medium-expert-v2-seed1] Critic Loss      10.4484
25-06-08.23:09|[hopper-medium-expert-v2-seed1] --------------  ---------
25-06-08.23:10|[hopper-medium-expert-v2-seed1] -------------------------  -----------
25-06-08.23:10|[hopper-medium-expert-v2-seed1] Average Episodic Reward    2233.99
25-06-08.23:10|[hopper-medium-expert-v2-seed1] Average Episodic N-Reward     0.692644
25-06-08.23:10|[hopper-medium-expert-v2-seed1] -------------------------  -----------
25-06-08.23:10|[hopper-medium-expert-v2-seed1] --------------  ----------
25-06-08.23:10|[hopper-medium-expert-v2-seed1] Trained Epochs  104
25-06-08.23:10|[hopper-medium-expert-v2-seed1] Actor Loss       -0.951356
25-06-08.23:10|[hopper-medium-expert-v2-seed1] Critic Loss      10.8618
25-06-08.23:10|[hopper-medium-expert-v2-seed1] --------------  ----------
25-06-08.23:10|[hopper-medium-expert-v2-seed1] -------------------------  -----------
25-06-08.23:10|[hopper-medium-expert-v2-seed1] Average Episodic Reward    2514.34
25-06-08.23:10|[hopper-medium-expert-v2-seed1] Average Episodic N-Reward     0.778786
25-06-08.23:10|[hopper-medium-expert-v2-seed1] -------------------------  -----------
25-06-08.23:10|[hopper-medium-expert-v2-seed1] --------------  ----------
25-06-08.23:10|[hopper-medium-expert-v2-seed1] Trained Epochs  106
25-06-08.23:10|[hopper-medium-expert-v2-seed1] Actor Loss       -0.951291
25-06-08.23:10|[hopper-medium-expert-v2-seed1] Critic Loss      10.7623
25-06-08.23:10|[hopper-medium-expert-v2-seed1] --------------  ----------
25-06-08.23:10|[hopper-medium-expert-v2-seed1] -------------------------  -----------
25-06-08.23:10|[hopper-medium-expert-v2-seed1] Average Episodic Reward    2509.31
25-06-08.23:10|[hopper-medium-expert-v2-seed1] Average Episodic N-Reward     0.777239
25-06-08.23:10|[hopper-medium-expert-v2-seed1] -------------------------  -----------
25-06-08.23:11|[hopper-medium-expert-v2-seed1] --------------  ----------
25-06-08.23:11|[hopper-medium-expert-v2-seed1] Trained Epochs  108
25-06-08.23:11|[hopper-medium-expert-v2-seed1] Actor Loss       -0.951864
25-06-08.23:11|[hopper-medium-expert-v2-seed1] Critic Loss      11.1642
25-06-08.23:11|[hopper-medium-expert-v2-seed1] --------------  ----------
25-06-08.23:11|[hopper-medium-expert-v2-seed1] -------------------------  -----------
25-06-08.23:11|[hopper-medium-expert-v2-seed1] Average Episodic Reward    1372.72
25-06-08.23:11|[hopper-medium-expert-v2-seed1] Average Episodic N-Reward     0.428012
25-06-08.23:11|[hopper-medium-expert-v2-seed1] -------------------------  -----------
25-06-08.23:11|[hopper-medium-expert-v2-seed1] --------------  ----------
25-06-08.23:11|[hopper-medium-expert-v2-seed1] Trained Epochs  110
25-06-08.23:11|[hopper-medium-expert-v2-seed1] Actor Loss       -0.951763
25-06-08.23:11|[hopper-medium-expert-v2-seed1] Critic Loss      10.6344
25-06-08.23:11|[hopper-medium-expert-v2-seed1] --------------  ----------
25-06-08.23:11|[hopper-medium-expert-v2-seed1] -------------------------  ----------
25-06-08.23:11|[hopper-medium-expert-v2-seed1] Average Episodic Reward    2774.92
25-06-08.23:11|[hopper-medium-expert-v2-seed1] Average Episodic N-Reward     0.85885
25-06-08.23:11|[hopper-medium-expert-v2-seed1] -------------------------  ----------
25-06-08.23:11|[hopper-medium-expert-v2-seed1] --------------  ----------
25-06-08.23:11|[hopper-medium-expert-v2-seed1] Trained Epochs  112
25-06-08.23:11|[hopper-medium-expert-v2-seed1] Actor Loss       -0.952304
25-06-08.23:11|[hopper-medium-expert-v2-seed1] Critic Loss      10.4166
25-06-08.23:11|[hopper-medium-expert-v2-seed1] --------------  ----------
25-06-08.23:12|[hopper-medium-expert-v2-seed1] -------------------------  -----------
25-06-08.23:12|[hopper-medium-expert-v2-seed1] Average Episodic Reward    1832.19
25-06-08.23:12|[hopper-medium-expert-v2-seed1] Average Episodic N-Reward     0.569187
25-06-08.23:12|[hopper-medium-expert-v2-seed1] -------------------------  -----------
25-06-08.23:12|[hopper-medium-expert-v2-seed1] --------------  ----------
25-06-08.23:12|[hopper-medium-expert-v2-seed1] Trained Epochs  114
25-06-08.23:12|[hopper-medium-expert-v2-seed1] Actor Loss       -0.951969
25-06-08.23:12|[hopper-medium-expert-v2-seed1] Critic Loss      10.3608
25-06-08.23:12|[hopper-medium-expert-v2-seed1] --------------  ----------
25-06-08.23:12|[hopper-medium-expert-v2-seed1] -------------------------  -----------
25-06-08.23:12|[hopper-medium-expert-v2-seed1] Average Episodic Reward    1380.74
25-06-08.23:12|[hopper-medium-expert-v2-seed1] Average Episodic N-Reward     0.430474
25-06-08.23:12|[hopper-medium-expert-v2-seed1] -------------------------  -----------
25-06-08.23:12|[hopper-medium-expert-v2-seed1] --------------  ----------
25-06-08.23:12|[hopper-medium-expert-v2-seed1] Trained Epochs  116
25-06-08.23:12|[hopper-medium-expert-v2-seed1] Actor Loss       -0.952248
25-06-08.23:12|[hopper-medium-expert-v2-seed1] Critic Loss      10.3379
25-06-08.23:12|[hopper-medium-expert-v2-seed1] --------------  ----------
25-06-08.23:12|[hopper-medium-expert-v2-seed1] -------------------------  -----------
25-06-08.23:12|[hopper-medium-expert-v2-seed1] Average Episodic Reward    1663.99
25-06-08.23:12|[hopper-medium-expert-v2-seed1] Average Episodic N-Reward     0.517507
25-06-08.23:12|[hopper-medium-expert-v2-seed1] -------------------------  -----------
25-06-08.23:13|[hopper-medium-expert-v2-seed1] --------------  ----------
25-06-08.23:13|[hopper-medium-expert-v2-seed1] Trained Epochs  118
25-06-08.23:13|[hopper-medium-expert-v2-seed1] Actor Loss       -0.952305
25-06-08.23:13|[hopper-medium-expert-v2-seed1] Critic Loss      10.5104
25-06-08.23:13|[hopper-medium-expert-v2-seed1] --------------  ----------
25-06-08.23:13|[hopper-medium-expert-v2-seed1] -------------------------  -----------
25-06-08.23:13|[hopper-medium-expert-v2-seed1] Average Episodic Reward    1896.63
25-06-08.23:13|[hopper-medium-expert-v2-seed1] Average Episodic N-Reward     0.588987
25-06-08.23:13|[hopper-medium-expert-v2-seed1] -------------------------  -----------
25-06-08.23:13|[hopper-medium-expert-v2-seed1] --------------  ----------
25-06-08.23:13|[hopper-medium-expert-v2-seed1] Trained Epochs  120
25-06-08.23:13|[hopper-medium-expert-v2-seed1] Actor Loss       -0.952418
25-06-08.23:13|[hopper-medium-expert-v2-seed1] Critic Loss      10.4459
25-06-08.23:13|[hopper-medium-expert-v2-seed1] --------------  ----------
25-06-08.23:13|[hopper-medium-expert-v2-seed1] -------------------------  ----------
25-06-08.23:13|[hopper-medium-expert-v2-seed1] Average Episodic Reward    1955.87
25-06-08.23:13|[hopper-medium-expert-v2-seed1] Average Episodic N-Reward     0.60719
25-06-08.23:13|[hopper-medium-expert-v2-seed1] -------------------------  ----------
25-06-08.23:13|[hopper-medium-expert-v2-seed1] --------------  ----------
25-06-08.23:13|[hopper-medium-expert-v2-seed1] Trained Epochs  122
25-06-08.23:13|[hopper-medium-expert-v2-seed1] Actor Loss       -0.952451
25-06-08.23:13|[hopper-medium-expert-v2-seed1] Critic Loss      10.8557
25-06-08.23:13|[hopper-medium-expert-v2-seed1] --------------  ----------
25-06-08.23:14|[hopper-medium-expert-v2-seed1] -------------------------  -----------
25-06-08.23:14|[hopper-medium-expert-v2-seed1] Average Episodic Reward    3082.87
25-06-08.23:14|[hopper-medium-expert-v2-seed1] Average Episodic N-Reward     0.953471
25-06-08.23:14|[hopper-medium-expert-v2-seed1] -------------------------  -----------
25-06-08.23:14|[hopper-medium-expert-v2-seed1] --------------  ----------
25-06-08.23:14|[hopper-medium-expert-v2-seed1] Trained Epochs  124
25-06-08.23:14|[hopper-medium-expert-v2-seed1] Actor Loss       -0.952655
25-06-08.23:14|[hopper-medium-expert-v2-seed1] Critic Loss      11.2416
25-06-08.23:14|[hopper-medium-expert-v2-seed1] --------------  ----------
25-06-08.23:14|[hopper-medium-expert-v2-seed1] -------------------------  ----------
25-06-08.23:14|[hopper-medium-expert-v2-seed1] Average Episodic Reward    2174.55
25-06-08.23:14|[hopper-medium-expert-v2-seed1] Average Episodic N-Reward     0.67438
25-06-08.23:14|[hopper-medium-expert-v2-seed1] -------------------------  ----------
25-06-08.23:14|[hopper-medium-expert-v2-seed1] --------------  ----------
25-06-08.23:14|[hopper-medium-expert-v2-seed1] Trained Epochs  126
25-06-08.23:14|[hopper-medium-expert-v2-seed1] Actor Loss       -0.952615
25-06-08.23:14|[hopper-medium-expert-v2-seed1] Critic Loss      10.8826
25-06-08.23:14|[hopper-medium-expert-v2-seed1] --------------  ----------
25-06-08.23:14|[hopper-medium-expert-v2-seed1] -------------------------  -----------
25-06-08.23:14|[hopper-medium-expert-v2-seed1] Average Episodic Reward    2530.41
25-06-08.23:14|[hopper-medium-expert-v2-seed1] Average Episodic N-Reward     0.783724
25-06-08.23:14|[hopper-medium-expert-v2-seed1] -------------------------  -----------
25-06-08.23:15|[hopper-medium-expert-v2-seed1] --------------  ----------
25-06-08.23:15|[hopper-medium-expert-v2-seed1] Trained Epochs  128
25-06-08.23:15|[hopper-medium-expert-v2-seed1] Actor Loss       -0.952653
25-06-08.23:15|[hopper-medium-expert-v2-seed1] Critic Loss      10.7085
25-06-08.23:15|[hopper-medium-expert-v2-seed1] --------------  ----------
25-06-08.23:15|[hopper-medium-expert-v2-seed1] -------------------------  -----------
25-06-08.23:15|[hopper-medium-expert-v2-seed1] Average Episodic Reward    2289.53
25-06-08.23:15|[hopper-medium-expert-v2-seed1] Average Episodic N-Reward     0.709709
25-06-08.23:15|[hopper-medium-expert-v2-seed1] -------------------------  -----------
25-06-08.23:15|[hopper-medium-expert-v2-seed1] --------------  ----------
25-06-08.23:15|[hopper-medium-expert-v2-seed1] Trained Epochs  130
25-06-08.23:15|[hopper-medium-expert-v2-seed1] Actor Loss       -0.953087
25-06-08.23:15|[hopper-medium-expert-v2-seed1] Critic Loss      10.7347
25-06-08.23:15|[hopper-medium-expert-v2-seed1] --------------  ----------
25-06-08.23:15|[hopper-medium-expert-v2-seed1] -------------------------  -----------
25-06-08.23:15|[hopper-medium-expert-v2-seed1] Average Episodic Reward    2824.21
25-06-08.23:15|[hopper-medium-expert-v2-seed1] Average Episodic N-Reward     0.873996
25-06-08.23:15|[hopper-medium-expert-v2-seed1] -------------------------  -----------
25-06-08.23:15|[hopper-medium-expert-v2-seed1] --------------  ----------
25-06-08.23:15|[hopper-medium-expert-v2-seed1] Trained Epochs  132
25-06-08.23:15|[hopper-medium-expert-v2-seed1] Actor Loss       -0.953003
25-06-08.23:15|[hopper-medium-expert-v2-seed1] Critic Loss      11.1916
25-06-08.23:15|[hopper-medium-expert-v2-seed1] --------------  ----------
25-06-08.23:16|[hopper-medium-expert-v2-seed1] -------------------------  -----------
25-06-08.23:16|[hopper-medium-expert-v2-seed1] Average Episodic Reward    1961.62
25-06-08.23:16|[hopper-medium-expert-v2-seed1] Average Episodic N-Reward     0.608958
25-06-08.23:16|[hopper-medium-expert-v2-seed1] -------------------------  -----------
25-06-08.23:16|[hopper-medium-expert-v2-seed1] --------------  ----------
25-06-08.23:16|[hopper-medium-expert-v2-seed1] Trained Epochs  134
25-06-08.23:16|[hopper-medium-expert-v2-seed1] Actor Loss       -0.953048
25-06-08.23:16|[hopper-medium-expert-v2-seed1] Critic Loss      10.8516
25-06-08.23:16|[hopper-medium-expert-v2-seed1] --------------  ----------
25-06-08.23:16|[hopper-medium-expert-v2-seed1] -------------------------  -----------
25-06-08.23:16|[hopper-medium-expert-v2-seed1] Average Episodic Reward    2353.98
25-06-08.23:16|[hopper-medium-expert-v2-seed1] Average Episodic N-Reward     0.729513
25-06-08.23:16|[hopper-medium-expert-v2-seed1] -------------------------  -----------
25-06-08.23:16|[hopper-medium-expert-v2-seed1] --------------  ----------
25-06-08.23:16|[hopper-medium-expert-v2-seed1] Trained Epochs  136
25-06-08.23:16|[hopper-medium-expert-v2-seed1] Actor Loss       -0.953045
25-06-08.23:16|[hopper-medium-expert-v2-seed1] Critic Loss      10.905
25-06-08.23:16|[hopper-medium-expert-v2-seed1] --------------  ----------
25-06-08.23:17|[hopper-medium-expert-v2-seed1] -------------------------  -----------
25-06-08.23:17|[hopper-medium-expert-v2-seed1] Average Episodic Reward    2623.37
25-06-08.23:17|[hopper-medium-expert-v2-seed1] Average Episodic N-Reward     0.812285
25-06-08.23:17|[hopper-medium-expert-v2-seed1] -------------------------  -----------
25-06-08.23:17|[hopper-medium-expert-v2-seed1] --------------  ----------
25-06-08.23:17|[hopper-medium-expert-v2-seed1] Trained Epochs  138
25-06-08.23:17|[hopper-medium-expert-v2-seed1] Actor Loss       -0.953196
25-06-08.23:17|[hopper-medium-expert-v2-seed1] Critic Loss      11.352
25-06-08.23:17|[hopper-medium-expert-v2-seed1] --------------  ----------
25-06-08.23:17|[hopper-medium-expert-v2-seed1] -------------------------  -----------
25-06-08.23:17|[hopper-medium-expert-v2-seed1] Average Episodic Reward    2896.46
25-06-08.23:17|[hopper-medium-expert-v2-seed1] Average Episodic N-Reward     0.896194
25-06-08.23:17|[hopper-medium-expert-v2-seed1] -------------------------  -----------
25-06-08.23:17|[hopper-medium-expert-v2-seed1] --------------  ----------
25-06-08.23:17|[hopper-medium-expert-v2-seed1] Trained Epochs  140
25-06-08.23:17|[hopper-medium-expert-v2-seed1] Actor Loss       -0.953391
25-06-08.23:17|[hopper-medium-expert-v2-seed1] Critic Loss      10.7343
25-06-08.23:17|[hopper-medium-expert-v2-seed1] --------------  ----------
25-06-08.23:17|[hopper-medium-expert-v2-seed1] -------------------------  -----------
25-06-08.23:17|[hopper-medium-expert-v2-seed1] Average Episodic Reward    2227.57
25-06-08.23:17|[hopper-medium-expert-v2-seed1] Average Episodic N-Reward     0.690673
25-06-08.23:17|[hopper-medium-expert-v2-seed1] -------------------------  -----------
25-06-08.23:18|[hopper-medium-expert-v2-seed1] --------------  ----------
25-06-08.23:18|[hopper-medium-expert-v2-seed1] Trained Epochs  142
25-06-08.23:18|[hopper-medium-expert-v2-seed1] Actor Loss       -0.953335
25-06-08.23:18|[hopper-medium-expert-v2-seed1] Critic Loss      11.2038
25-06-08.23:18|[hopper-medium-expert-v2-seed1] --------------  ----------
25-06-08.23:18|[hopper-medium-expert-v2-seed1] -------------------------  -----------
25-06-08.23:18|[hopper-medium-expert-v2-seed1] Average Episodic Reward    2602.81
25-06-08.23:18|[hopper-medium-expert-v2-seed1] Average Episodic N-Reward     0.805967
25-06-08.23:18|[hopper-medium-expert-v2-seed1] -------------------------  -----------
25-06-08.23:18|[hopper-medium-expert-v2-seed1] --------------  ----------
25-06-08.23:18|[hopper-medium-expert-v2-seed1] Trained Epochs  144
25-06-08.23:18|[hopper-medium-expert-v2-seed1] Actor Loss       -0.953326
25-06-08.23:18|[hopper-medium-expert-v2-seed1] Critic Loss      10.8881
25-06-08.23:18|[hopper-medium-expert-v2-seed1] --------------  ----------
25-06-08.23:18|[hopper-medium-expert-v2-seed1] -------------------------  -----------
25-06-08.23:18|[hopper-medium-expert-v2-seed1] Average Episodic Reward    1639.41
25-06-08.23:18|[hopper-medium-expert-v2-seed1] Average Episodic N-Reward     0.509954
25-06-08.23:18|[hopper-medium-expert-v2-seed1] -------------------------  -----------
25-06-08.23:18|[hopper-medium-expert-v2-seed1] --------------  ----------
25-06-08.23:18|[hopper-medium-expert-v2-seed1] Trained Epochs  146
25-06-08.23:18|[hopper-medium-expert-v2-seed1] Actor Loss       -0.953329
25-06-08.23:18|[hopper-medium-expert-v2-seed1] Critic Loss      10.7335
25-06-08.23:18|[hopper-medium-expert-v2-seed1] --------------  ----------
25-06-08.23:19|[hopper-medium-expert-v2-seed1] -------------------------  -----------
25-06-08.23:19|[hopper-medium-expert-v2-seed1] Average Episodic Reward    3057
25-06-08.23:19|[hopper-medium-expert-v2-seed1] Average Episodic N-Reward     0.945523
25-06-08.23:19|[hopper-medium-expert-v2-seed1] -------------------------  -----------
25-06-08.23:19|[hopper-medium-expert-v2-seed1] --------------  ----------
25-06-08.23:19|[hopper-medium-expert-v2-seed1] Trained Epochs  148
25-06-08.23:19|[hopper-medium-expert-v2-seed1] Actor Loss       -0.953456
25-06-08.23:19|[hopper-medium-expert-v2-seed1] Critic Loss      10.5631
25-06-08.23:19|[hopper-medium-expert-v2-seed1] --------------  ----------
25-06-08.23:19|[hopper-medium-expert-v2-seed1] -------------------------  -----------
25-06-08.23:19|[hopper-medium-expert-v2-seed1] Average Episodic Reward    1384.92
25-06-08.23:19|[hopper-medium-expert-v2-seed1] Average Episodic N-Reward     0.431758
25-06-08.23:19|[hopper-medium-expert-v2-seed1] -------------------------  -----------
25-06-08.23:19|[hopper-medium-expert-v2-seed1] --------------  ----------
25-06-08.23:19|[hopper-medium-expert-v2-seed1] Trained Epochs  150
25-06-08.23:19|[hopper-medium-expert-v2-seed1] Actor Loss       -0.953532
25-06-08.23:19|[hopper-medium-expert-v2-seed1] Critic Loss      10.5852
25-06-08.23:19|[hopper-medium-expert-v2-seed1] --------------  ----------
25-06-08.23:19|[hopper-medium-expert-v2-seed1] -------------------------  -----------
25-06-08.23:19|[hopper-medium-expert-v2-seed1] Average Episodic Reward    1378.13
25-06-08.23:19|[hopper-medium-expert-v2-seed1] Average Episodic N-Reward     0.429672
25-06-08.23:19|[hopper-medium-expert-v2-seed1] -------------------------  -----------
25-06-08.23:20|[hopper-medium-expert-v2-seed1] --------------  ----------
25-06-08.23:20|[hopper-medium-expert-v2-seed1] Trained Epochs  152
25-06-08.23:20|[hopper-medium-expert-v2-seed1] Actor Loss       -0.953482
25-06-08.23:20|[hopper-medium-expert-v2-seed1] Critic Loss      10.6393
25-06-08.23:20|[hopper-medium-expert-v2-seed1] --------------  ----------
25-06-08.23:20|[hopper-medium-expert-v2-seed1] -------------------------  -----------
25-06-08.23:20|[hopper-medium-expert-v2-seed1] Average Episodic Reward    2685.77
25-06-08.23:20|[hopper-medium-expert-v2-seed1] Average Episodic N-Reward     0.831459
25-06-08.23:20|[hopper-medium-expert-v2-seed1] -------------------------  -----------
25-06-08.23:20|[hopper-medium-expert-v2-seed1] --------------  ----------
25-06-08.23:20|[hopper-medium-expert-v2-seed1] Trained Epochs  154
25-06-08.23:20|[hopper-medium-expert-v2-seed1] Actor Loss       -0.953657
25-06-08.23:20|[hopper-medium-expert-v2-seed1] Critic Loss      10.9556
25-06-08.23:20|[hopper-medium-expert-v2-seed1] --------------  ----------
25-06-08.23:20|[hopper-medium-expert-v2-seed1] -------------------------  ----------
25-06-08.23:20|[hopper-medium-expert-v2-seed1] Average Episodic Reward    2680.18
25-06-08.23:20|[hopper-medium-expert-v2-seed1] Average Episodic N-Reward     0.82974
25-06-08.23:20|[hopper-medium-expert-v2-seed1] -------------------------  ----------
25-06-08.23:21|[hopper-medium-expert-v2-seed1] --------------  ----------
25-06-08.23:21|[hopper-medium-expert-v2-seed1] Trained Epochs  156
25-06-08.23:21|[hopper-medium-expert-v2-seed1] Actor Loss       -0.954091
25-06-08.23:21|[hopper-medium-expert-v2-seed1] Critic Loss      11.0606
25-06-08.23:21|[hopper-medium-expert-v2-seed1] --------------  ----------
25-06-08.23:21|[hopper-medium-expert-v2-seed1] -------------------------  -----------
25-06-08.23:21|[hopper-medium-expert-v2-seed1] Average Episodic Reward    2757.72
25-06-08.23:21|[hopper-medium-expert-v2-seed1] Average Episodic N-Reward     0.853566
25-06-08.23:21|[hopper-medium-expert-v2-seed1] -------------------------  -----------
25-06-08.23:21|[hopper-medium-expert-v2-seed1] --------------  ----------
25-06-08.23:21|[hopper-medium-expert-v2-seed1] Trained Epochs  158
25-06-08.23:21|[hopper-medium-expert-v2-seed1] Actor Loss       -0.953789
25-06-08.23:21|[hopper-medium-expert-v2-seed1] Critic Loss      10.5773
25-06-08.23:21|[hopper-medium-expert-v2-seed1] --------------  ----------
25-06-08.23:21|[hopper-medium-expert-v2-seed1] -------------------------  -----------
25-06-08.23:21|[hopper-medium-expert-v2-seed1] Average Episodic Reward    1842.05
25-06-08.23:21|[hopper-medium-expert-v2-seed1] Average Episodic N-Reward     0.572218
25-06-08.23:21|[hopper-medium-expert-v2-seed1] -------------------------  -----------
25-06-08.23:21|[hopper-medium-expert-v2-seed1] --------------  ----------
25-06-08.23:21|[hopper-medium-expert-v2-seed1] Trained Epochs  160
25-06-08.23:21|[hopper-medium-expert-v2-seed1] Actor Loss       -0.953957
25-06-08.23:21|[hopper-medium-expert-v2-seed1] Critic Loss      10.9002
25-06-08.23:21|[hopper-medium-expert-v2-seed1] --------------  ----------
25-06-08.23:22|[hopper-medium-expert-v2-seed1] -------------------------  -----------
25-06-08.23:22|[hopper-medium-expert-v2-seed1] Average Episodic Reward    2568.38
25-06-08.23:22|[hopper-medium-expert-v2-seed1] Average Episodic N-Reward     0.795388
25-06-08.23:22|[hopper-medium-expert-v2-seed1] -------------------------  -----------
25-06-08.23:22|[hopper-medium-expert-v2-seed1] --------------  ----------
25-06-08.23:22|[hopper-medium-expert-v2-seed1] Trained Epochs  162
25-06-08.23:22|[hopper-medium-expert-v2-seed1] Actor Loss       -0.953869
25-06-08.23:22|[hopper-medium-expert-v2-seed1] Critic Loss      10.4457
25-06-08.23:22|[hopper-medium-expert-v2-seed1] --------------  ----------
25-06-08.23:22|[hopper-medium-expert-v2-seed1] -------------------------  ----------
25-06-08.23:22|[hopper-medium-expert-v2-seed1] Average Episodic Reward    2981.23
25-06-08.23:22|[hopper-medium-expert-v2-seed1] Average Episodic N-Reward     0.92224
25-06-08.23:22|[hopper-medium-expert-v2-seed1] -------------------------  ----------
25-06-08.23:22|[hopper-medium-expert-v2-seed1] --------------  ----------
25-06-08.23:22|[hopper-medium-expert-v2-seed1] Trained Epochs  164
25-06-08.23:22|[hopper-medium-expert-v2-seed1] Actor Loss       -0.954065
25-06-08.23:22|[hopper-medium-expert-v2-seed1] Critic Loss      10.9806
25-06-08.23:22|[hopper-medium-expert-v2-seed1] --------------  ----------
25-06-08.23:22|[hopper-medium-expert-v2-seed1] -------------------------  -----------
25-06-08.23:22|[hopper-medium-expert-v2-seed1] Average Episodic Reward    3044.66
25-06-08.23:22|[hopper-medium-expert-v2-seed1] Average Episodic N-Reward     0.941731
25-06-08.23:22|[hopper-medium-expert-v2-seed1] -------------------------  -----------
25-06-08.23:23|[hopper-medium-expert-v2-seed1] --------------  ----------
25-06-08.23:23|[hopper-medium-expert-v2-seed1] Trained Epochs  166
25-06-08.23:23|[hopper-medium-expert-v2-seed1] Actor Loss       -0.954137
25-06-08.23:23|[hopper-medium-expert-v2-seed1] Critic Loss      10.7179
25-06-08.23:23|[hopper-medium-expert-v2-seed1] --------------  ----------
25-06-08.23:23|[hopper-medium-expert-v2-seed1] -------------------------  -----------
25-06-08.23:23|[hopper-medium-expert-v2-seed1] Average Episodic Reward    2999.99
25-06-08.23:23|[hopper-medium-expert-v2-seed1] Average Episodic N-Reward     0.928005
25-06-08.23:23|[hopper-medium-expert-v2-seed1] -------------------------  -----------
25-06-08.23:23|[hopper-medium-expert-v2-seed1] --------------  ----------
25-06-08.23:23|[hopper-medium-expert-v2-seed1] Trained Epochs  168
25-06-08.23:23|[hopper-medium-expert-v2-seed1] Actor Loss       -0.954022
25-06-08.23:23|[hopper-medium-expert-v2-seed1] Critic Loss      10.5493
25-06-08.23:23|[hopper-medium-expert-v2-seed1] --------------  ----------
25-06-08.23:23|[hopper-medium-expert-v2-seed1] -------------------------  -----------
25-06-08.23:23|[hopper-medium-expert-v2-seed1] Average Episodic Reward    2135.25
25-06-08.23:23|[hopper-medium-expert-v2-seed1] Average Episodic N-Reward     0.662307
25-06-08.23:23|[hopper-medium-expert-v2-seed1] -------------------------  -----------
25-06-08.23:24|[hopper-medium-expert-v2-seed1] --------------  ----------
25-06-08.23:24|[hopper-medium-expert-v2-seed1] Trained Epochs  170
25-06-08.23:24|[hopper-medium-expert-v2-seed1] Actor Loss       -0.954337
25-06-08.23:24|[hopper-medium-expert-v2-seed1] Critic Loss      10.6686
25-06-08.23:24|[hopper-medium-expert-v2-seed1] --------------  ----------
25-06-08.23:24|[hopper-medium-expert-v2-seed1] -------------------------  ----------
25-06-08.23:24|[hopper-medium-expert-v2-seed1] Average Episodic Reward    1860.06
25-06-08.23:24|[hopper-medium-expert-v2-seed1] Average Episodic N-Reward     0.57775
25-06-08.23:24|[hopper-medium-expert-v2-seed1] -------------------------  ----------
25-06-08.23:24|[hopper-medium-expert-v2-seed1] --------------  ----------
25-06-08.23:24|[hopper-medium-expert-v2-seed1] Trained Epochs  172
25-06-08.23:24|[hopper-medium-expert-v2-seed1] Actor Loss       -0.954217
25-06-08.23:24|[hopper-medium-expert-v2-seed1] Critic Loss      11.0558
25-06-08.23:24|[hopper-medium-expert-v2-seed1] --------------  ----------
25-06-08.23:24|[hopper-medium-expert-v2-seed1] -------------------------  -----------
25-06-08.23:24|[hopper-medium-expert-v2-seed1] Average Episodic Reward    2682.22
25-06-08.23:24|[hopper-medium-expert-v2-seed1] Average Episodic N-Reward     0.830369
25-06-08.23:24|[hopper-medium-expert-v2-seed1] -------------------------  -----------
25-06-08.23:24|[hopper-medium-expert-v2-seed1] --------------  ---------
25-06-08.23:24|[hopper-medium-expert-v2-seed1] Trained Epochs  174
25-06-08.23:24|[hopper-medium-expert-v2-seed1] Actor Loss       -0.95419
25-06-08.23:24|[hopper-medium-expert-v2-seed1] Critic Loss      10.4491
25-06-08.23:24|[hopper-medium-expert-v2-seed1] --------------  ---------
25-06-08.23:25|[hopper-medium-expert-v2-seed1] -------------------------  -----------
25-06-08.23:25|[hopper-medium-expert-v2-seed1] Average Episodic Reward    3207.89
25-06-08.23:25|[hopper-medium-expert-v2-seed1] Average Episodic N-Reward     0.991885
25-06-08.23:25|[hopper-medium-expert-v2-seed1] -------------------------  -----------
25-06-08.23:25|[hopper-medium-expert-v2-seed1] --------------  ----------
25-06-08.23:25|[hopper-medium-expert-v2-seed1] Trained Epochs  176
25-06-08.23:25|[hopper-medium-expert-v2-seed1] Actor Loss       -0.954415
25-06-08.23:25|[hopper-medium-expert-v2-seed1] Critic Loss      10.2138
25-06-08.23:25|[hopper-medium-expert-v2-seed1] --------------  ----------
25-06-08.23:25|[hopper-medium-expert-v2-seed1] -------------------------  -----------
25-06-08.23:25|[hopper-medium-expert-v2-seed1] Average Episodic Reward    2803.69
25-06-08.23:25|[hopper-medium-expert-v2-seed1] Average Episodic N-Reward     0.867692
25-06-08.23:25|[hopper-medium-expert-v2-seed1] -------------------------  -----------
25-06-08.23:25|[hopper-medium-expert-v2-seed1] --------------  ----------
25-06-08.23:25|[hopper-medium-expert-v2-seed1] Trained Epochs  178
25-06-08.23:25|[hopper-medium-expert-v2-seed1] Actor Loss       -0.954407
25-06-08.23:25|[hopper-medium-expert-v2-seed1] Critic Loss      10.4651
25-06-08.23:25|[hopper-medium-expert-v2-seed1] --------------  ----------
25-06-08.23:25|[hopper-medium-expert-v2-seed1] -------------------------  ----------
25-06-08.23:25|[hopper-medium-expert-v2-seed1] Average Episodic Reward    2447.08
25-06-08.23:25|[hopper-medium-expert-v2-seed1] Average Episodic N-Reward     0.75812
25-06-08.23:25|[hopper-medium-expert-v2-seed1] -------------------------  ----------
25-06-08.23:26|[hopper-medium-expert-v2-seed1] --------------  ----------
25-06-08.23:26|[hopper-medium-expert-v2-seed1] Trained Epochs  180
25-06-08.23:26|[hopper-medium-expert-v2-seed1] Actor Loss       -0.954409
25-06-08.23:26|[hopper-medium-expert-v2-seed1] Critic Loss      10.5179
25-06-08.23:26|[hopper-medium-expert-v2-seed1] --------------  ----------
25-06-08.23:26|[hopper-medium-expert-v2-seed1] -------------------------  -----------
25-06-08.23:26|[hopper-medium-expert-v2-seed1] Average Episodic Reward    2550.56
25-06-08.23:26|[hopper-medium-expert-v2-seed1] Average Episodic N-Reward     0.789914
25-06-08.23:26|[hopper-medium-expert-v2-seed1] -------------------------  -----------
25-06-08.23:26|[hopper-medium-expert-v2-seed1] --------------  ----------
25-06-08.23:26|[hopper-medium-expert-v2-seed1] Trained Epochs  182
25-06-08.23:26|[hopper-medium-expert-v2-seed1] Actor Loss       -0.954611
25-06-08.23:26|[hopper-medium-expert-v2-seed1] Critic Loss      10.7373
25-06-08.23:26|[hopper-medium-expert-v2-seed1] --------------  ----------
25-06-08.23:26|[hopper-medium-expert-v2-seed1] -------------------------  -----------
25-06-08.23:26|[hopper-medium-expert-v2-seed1] Average Episodic Reward    2952.81
25-06-08.23:26|[hopper-medium-expert-v2-seed1] Average Episodic N-Reward     0.913509
25-06-08.23:26|[hopper-medium-expert-v2-seed1] -------------------------  -----------
25-06-08.23:26|[hopper-medium-expert-v2-seed1] --------------  ----------
25-06-08.23:26|[hopper-medium-expert-v2-seed1] Trained Epochs  184
25-06-08.23:26|[hopper-medium-expert-v2-seed1] Actor Loss       -0.954663
25-06-08.23:26|[hopper-medium-expert-v2-seed1] Critic Loss      10.648
25-06-08.23:26|[hopper-medium-expert-v2-seed1] --------------  ----------
25-06-08.23:27|[hopper-medium-expert-v2-seed1] -------------------------  -----------
25-06-08.23:27|[hopper-medium-expert-v2-seed1] Average Episodic Reward    2910.84
25-06-08.23:27|[hopper-medium-expert-v2-seed1] Average Episodic N-Reward     0.900613
25-06-08.23:27|[hopper-medium-expert-v2-seed1] -------------------------  -----------
25-06-08.23:27|[hopper-medium-expert-v2-seed1] --------------  ----------
25-06-08.23:27|[hopper-medium-expert-v2-seed1] Trained Epochs  186
25-06-08.23:27|[hopper-medium-expert-v2-seed1] Actor Loss       -0.954508
25-06-08.23:27|[hopper-medium-expert-v2-seed1] Critic Loss      10.7015
25-06-08.23:27|[hopper-medium-expert-v2-seed1] --------------  ----------
25-06-08.23:27|[hopper-medium-expert-v2-seed1] -------------------------  -----------
25-06-08.23:27|[hopper-medium-expert-v2-seed1] Average Episodic Reward    2167.97
25-06-08.23:27|[hopper-medium-expert-v2-seed1] Average Episodic N-Reward     0.672359
25-06-08.23:27|[hopper-medium-expert-v2-seed1] -------------------------  -----------
25-06-08.23:27|[hopper-medium-expert-v2-seed1] --------------  ----------
25-06-08.23:27|[hopper-medium-expert-v2-seed1] Trained Epochs  188
25-06-08.23:27|[hopper-medium-expert-v2-seed1] Actor Loss       -0.954585
25-06-08.23:27|[hopper-medium-expert-v2-seed1] Critic Loss      10.2974
25-06-08.23:27|[hopper-medium-expert-v2-seed1] --------------  ----------
25-06-08.23:27|[hopper-medium-expert-v2-seed1] -------------------------  -----------
25-06-08.23:27|[hopper-medium-expert-v2-seed1] Average Episodic Reward    1785.5
25-06-08.23:27|[hopper-medium-expert-v2-seed1] Average Episodic N-Reward     0.554841
25-06-08.23:27|[hopper-medium-expert-v2-seed1] -------------------------  -----------
25-06-08.23:28|[hopper-medium-expert-v2-seed1] --------------  ----------
25-06-08.23:28|[hopper-medium-expert-v2-seed1] Trained Epochs  190
25-06-08.23:28|[hopper-medium-expert-v2-seed1] Actor Loss       -0.954526
25-06-08.23:28|[hopper-medium-expert-v2-seed1] Critic Loss      10.4036
25-06-08.23:28|[hopper-medium-expert-v2-seed1] --------------  ----------
25-06-08.23:28|[hopper-medium-expert-v2-seed1] -------------------------  -----------
25-06-08.23:28|[hopper-medium-expert-v2-seed1] Average Episodic Reward    2290.78
25-06-08.23:28|[hopper-medium-expert-v2-seed1] Average Episodic N-Reward     0.710094
25-06-08.23:28|[hopper-medium-expert-v2-seed1] -------------------------  -----------
25-06-08.23:28|[hopper-medium-expert-v2-seed1] --------------  ----------
25-06-08.23:28|[hopper-medium-expert-v2-seed1] Trained Epochs  192
25-06-08.23:28|[hopper-medium-expert-v2-seed1] Actor Loss       -0.954663
25-06-08.23:28|[hopper-medium-expert-v2-seed1] Critic Loss      10.0762
25-06-08.23:28|[hopper-medium-expert-v2-seed1] --------------  ----------
25-06-08.23:28|[hopper-medium-expert-v2-seed1] -------------------------  -----------
25-06-08.23:28|[hopper-medium-expert-v2-seed1] Average Episodic Reward    2015.08
25-06-08.23:28|[hopper-medium-expert-v2-seed1] Average Episodic N-Reward     0.625382
25-06-08.23:28|[hopper-medium-expert-v2-seed1] -------------------------  -----------
25-06-08.23:28|[hopper-medium-expert-v2-seed1] --------------  ---------
25-06-08.23:28|[hopper-medium-expert-v2-seed1] Trained Epochs  194
25-06-08.23:28|[hopper-medium-expert-v2-seed1] Actor Loss       -0.95497
25-06-08.23:28|[hopper-medium-expert-v2-seed1] Critic Loss       9.94113
25-06-08.23:28|[hopper-medium-expert-v2-seed1] --------------  ---------
25-06-08.23:29|[hopper-medium-expert-v2-seed1] -------------------------  -----------
25-06-08.23:29|[hopper-medium-expert-v2-seed1] Average Episodic Reward    2891.62
25-06-08.23:29|[hopper-medium-expert-v2-seed1] Average Episodic N-Reward     0.894707
25-06-08.23:29|[hopper-medium-expert-v2-seed1] -------------------------  -----------
25-06-08.23:29|[hopper-medium-expert-v2-seed1] --------------  ----------
25-06-08.23:29|[hopper-medium-expert-v2-seed1] Trained Epochs  196
25-06-08.23:29|[hopper-medium-expert-v2-seed1] Actor Loss       -0.954925
25-06-08.23:29|[hopper-medium-expert-v2-seed1] Critic Loss      10.0467
25-06-08.23:29|[hopper-medium-expert-v2-seed1] --------------  ----------
25-06-08.23:29|[hopper-medium-expert-v2-seed1] -------------------------  ----------
25-06-08.23:29|[hopper-medium-expert-v2-seed1] Average Episodic Reward    3630.75
25-06-08.23:29|[hopper-medium-expert-v2-seed1] Average Episodic N-Reward     1.12181
25-06-08.23:29|[hopper-medium-expert-v2-seed1] -------------------------  ----------
25-06-08.23:29|[hopper-medium-expert-v2-seed1] --------------  ----------
25-06-08.23:29|[hopper-medium-expert-v2-seed1] Trained Epochs  198
25-06-08.23:29|[hopper-medium-expert-v2-seed1] Actor Loss       -0.954716
25-06-08.23:29|[hopper-medium-expert-v2-seed1] Critic Loss      10.5921
25-06-08.23:29|[hopper-medium-expert-v2-seed1] --------------  ----------
25-06-08.23:30|[hopper-medium-expert-v2-seed1] -------------------------  -----------
25-06-08.23:30|[hopper-medium-expert-v2-seed1] Average Episodic Reward    2474.92
25-06-08.23:30|[hopper-medium-expert-v2-seed1] Average Episodic N-Reward     0.766672
25-06-08.23:30|[hopper-medium-expert-v2-seed1] -------------------------  -----------
25-06-08.23:30|[hopper-medium-expert-v2-seed1] --------------  ----------
25-06-08.23:30|[hopper-medium-expert-v2-seed1] Trained Epochs  200
25-06-08.23:30|[hopper-medium-expert-v2-seed1] Actor Loss       -0.954938
25-06-08.23:30|[hopper-medium-expert-v2-seed1] Critic Loss      10.0995
25-06-08.23:30|[hopper-medium-expert-v2-seed1] --------------  ----------
25-06-08.23:30|[hopper-medium-expert-v2-seed1] -------------------------  -----------
25-06-08.23:30|[hopper-medium-expert-v2-seed1] Average Episodic Reward    3183.52
25-06-08.23:30|[hopper-medium-expert-v2-seed1] Average Episodic N-Reward     0.984397
25-06-08.23:30|[hopper-medium-expert-v2-seed1] -------------------------  -----------
